Gurobi 13.0.0:   lim:time = 169200
  tech:logfile = gurobi.log
  qp:nonconvex = 2
Gurobi 13.0.0: infeasible problem
0 simplex iterations

suffix dunbdd OUT;
TC0 = 400

TC1 = 400

TC2 = 400

TC3 = 400

TC4 = 400

TC5 = 400

TC6 = 400

is_fused_task0_in_SLR_0 = 0

is_fused_task0_in_SLR_1 = 0

is_fused_task0_in_SLR_2 = 0

is_fused_task1_in_SLR_0 = 0

is_fused_task1_in_SLR_1 = 0

is_fused_task1_in_SLR_2 = 0

is_fused_task2_in_SLR_0 = 0

is_fused_task2_in_SLR_1 = 0

is_fused_task2_in_SLR_2 = 0

is_slr0_used = 0

is_slr1_used = 0

is_slr2_used = 0

perm0_S0 = 0

perm1_S0 = 0

perm0_S1 = 1

perm1_S1 = 0

perm0_S2 = 1

perm0_S3 = 1

Lat_comp_S3_for_off_chip = 0

perm1_S3 = 0

Lat_comp_S0_intra_tile = 22

Lat_comp_S1_intra_tile = 0

Lat_comp_S2_intra_tile = 7

Lat_comp_S3_intra_tile = 0

footprint_A_S0 = 0

footprint_A_S0_reuse = 0

footprint_u1_S0 = 0

footprint_u1_S0_reuse = 0

footprint_e1_S0 = 0

footprint_e1_S0_reuse = 0

footprint_u2_S0 = 0

footprint_u2_S0_reuse = 0

footprint_e2_S0 = 0

footprint_e2_S0_reuse = 0

footprint_A_S1 = 0

footprint_A_S1_reuse = 0

footprint_x_S1_S2 = 0

footprint_x_S1_S2_reuse = 0

footprint_y_S1 = 0

footprint_y_S1_reuse = 0

footprint_z_S2 = 0

footprint_z_S2_reuse = 0

footprint_A_S3 = 0

footprint_A_S3_reuse = 0

footprint_x_S3 = 0

footprint_x_S3_reuse = 0

footprint_w_S3 = 0

footprint_w_S3_reuse = 0

Lat_comp_fused_S0 = 0

level_transfer_A_FT0_under0 = 0

level_reuse_A_FT0_under0 = 0

level_transfer_A_FT0_under1 = 0

level_reuse_A_FT0_under1 = 0

level_transfer_A_FT0_under2 = 1

level_reuse_A_FT0_under2 = 1

level_transfer_u1_FT0_under0 = 0

level_reuse_u1_FT0_under0 = 0

level_transfer_u1_FT0_under1 = 0

level_reuse_u1_FT0_under1 = 0

level_transfer_u1_FT0_under2 = 0

level_reuse_u1_FT0_under2 = 0

level_transfer_e1_FT0_under0 = 0

level_reuse_e1_FT0_under0 = 0

level_transfer_e1_FT0_under1 = 0

level_reuse_e1_FT0_under1 = 0

level_transfer_e1_FT0_under2 = 0

level_reuse_e1_FT0_under2 = 0

level_transfer_u2_FT0_under0 = 0

level_reuse_u2_FT0_under0 = 0

level_transfer_u2_FT0_under1 = 0

level_reuse_u2_FT0_under1 = 0

level_transfer_u2_FT0_under2 = 0

level_reuse_u2_FT0_under2 = 0

level_transfer_e2_FT0_under0 = 0

level_reuse_e2_FT0_under0 = 0

level_transfer_e2_FT0_under1 = 0

level_reuse_e2_FT0_under1 = 0

level_transfer_e2_FT0_under2 = 0

level_reuse_e2_FT0_under2 = 0

Lat_comp_fused_S0_3 = 22

Lat_comp_fused_S0_2 = 0

Lat_comp_fused_S0_1 = 0

Lat_comp_fused_S1_S2 = 0

level_transfer_x_FT1_under0 = 0

level_reuse_x_FT1_under0 = 0

level_transfer_x_FT1_under1 = 1

level_reuse_x_FT1_under1 = 1

level_transfer_A_FT1_under0 = 0

level_reuse_A_FT1_under0 = 0

level_transfer_A_FT1_under1 = 0

level_reuse_A_FT1_under1 = 0

level_transfer_y_FT1_under0 = 1

level_reuse_y_FT1_under0 = 1

level_transfer_y_FT1_under1 = 0

level_reuse_y_FT1_under1 = 0

level_transfer_z_FT1_under0 = 0

level_reuse_z_FT1_under0 = 0

level_transfer_z_FT1_under1 = 0

level_reuse_z_FT1_under1 = 0

Lat_comp_fused_S1_S2_2 = 0

Lat_comp_fused_S1_S2_1 = 0

Lat_comp_fused_S3 = 0

level_transfer_w_FT2_under0 = 0

level_reuse_w_FT2_under0 = 0

level_transfer_w_FT2_under1 = 1

level_reuse_w_FT2_under1 = 1

level_transfer_A_FT2_under0 = 0

level_reuse_A_FT2_under0 = 0

level_transfer_A_FT2_under1 = 0

level_reuse_A_FT2_under1 = 0

level_transfer_x_FT2_under0 = 1

level_reuse_x_FT2_under0 = 1

level_transfer_x_FT2_under1 = 0

level_reuse_x_FT2_under1 = 0

Lat_comp_fused_S3_2 = 0

Lat_comp_fused_S3_1 = 0

shift_0_to_1 = 0

shift_0_to_2 = 0

shift_1_to_2 = 0

nb_dsp_used_SLR0 = 0

nb_dsp_used_SLR1 = 0

nb_dsp_used_SLR2 = 0

TC0_0 = 0

TC0_1 = 0

TC1_0 = 0

TC1_1 = 0

TC2_0 = 0

TC2_1 = 0

TC3_0 = 0

TC3_1 = 0

TC4_0 = 0

TC4_1 = 0

TC5_0 = 0

TC5_1 = 0

TC6_0 = 0

TC6_1 = 0

e1_is_fully_transfered_on_last_dim_FT0 = 0

burst_e1_is_1 = 0

cte_0 = 0

cte_burst_without_tiling_TC1_for_e1 = 0

is_tc1_burst_witout_tiling_for_e1 = 0

burst_e1_is_2 = 0

cte_1 = 0

burst_e1_is_4 = 0

cte_2 = 0

burst_e1_is_8 = 0

cte_3 = 0

burst_e1_is_16 = 0

cte_4 = 0

e2_is_fully_transfered_on_last_dim_FT0 = 0

burst_e2_is_1 = 0

cte_5 = 0

cte_burst_without_tiling_TC1_for_e2 = 0

is_tc1_burst_witout_tiling_for_e2 = 0

burst_e2_is_2 = 0

cte_6 = 0

burst_e2_is_4 = 0

cte_7 = 0

burst_e2_is_8 = 0

cte_8 = 0

burst_e2_is_16 = 0

cte_9 = 0

y_is_fully_transfered_on_last_dim_FT1 = 1

burst_y_is_1 = 0

cte_10 = 0

cte_burst_without_tiling_TC3_for_y = 0

is_tc3_burst_witout_tiling_for_y = 0

burst_y_is_2 = 0

cte_11 = 0

burst_y_is_4 = 0

cte_12 = 0

burst_y_is_8 = 0

cte_13 = 0

burst_y_is_16 = 0

cte_14 = 0

z_is_fully_transfered_on_last_dim_FT1 = 0

burst_z_is_1 = 0

cte_15 = 0

cte_burst_without_tiling_TC4_for_z = 0

is_tc4_burst_witout_tiling_for_z = 0

burst_z_is_2 = 0

cte_16 = 0

burst_z_is_4 = 0

cte_17 = 0

burst_z_is_8 = 0

cte_18 = 0

burst_z_is_16 = 0

cte_19 = 0

u1_is_fully_transfered_on_last_dim_FT0 = 0

burst_u1_is_1 = 0

cte_20 = 0

cte_burst_without_tiling_TC0_for_u1 = 0

is_tc0_burst_witout_tiling_for_u1 = 0

burst_u1_is_2 = 0

cte_21 = 0

burst_u1_is_4 = 0

cte_22 = 0

burst_u1_is_8 = 0

cte_23 = 0

burst_u1_is_16 = 0

cte_24 = 0

w_is_fully_transfered_on_last_dim_FT2 = 0

burst_w_is_1 = 0

cte_25 = 0

cte_burst_without_tiling_TC5_for_w = 0

is_tc5_burst_witout_tiling_for_w = 0

cte_26 = 0

burst_w_is_2 = 0

cte_27 = 0

cte_28 = 0

burst_w_is_4 = 0

cte_29 = 0

cte_30 = 0

burst_w_is_8 = 0

cte_31 = 0

cte_32 = 0

burst_w_is_16 = 0

cte_33 = 0

cte_34 = 0

A_is_fully_transfered_on_last_dim_FT0 = 0

A_is_fully_transfered_on_last_dim_FT1 = 0

A_is_fully_transfered_on_last_dim_FT2 = 0

burst_A_is_1 = 0

cte_35 = 0

cte_burst_without_tiling_TC1_for_A = 0

is_tc1_burst_witout_tiling_for_A = 0

cte_36 = 0

cte_37 = 0

cte_burst_without_tiling_TC2_for_A = 0

is_tc2_burst_witout_tiling_for_A = 0

cte_38 = 0

cte_burst_without_tiling_TC6_for_A = 0

is_tc6_burst_witout_tiling_for_A = 0

burst_A_is_2 = 0

cte_39 = 0

cte_40 = 0

cte_41 = 0

cte_42 = 0

burst_A_is_4 = 0

cte_43 = 0

cte_44 = 0

cte_45 = 0

cte_46 = 0

burst_A_is_8 = 0

cte_47 = 0

cte_48 = 0

cte_49 = 0

cte_50 = 0

burst_A_is_16 = 0

cte_51 = 0

cte_52 = 0

cte_53 = 0

cte_54 = 0

x_is_fully_transfered_on_last_dim_FT1 = 0

x_is_fully_transfered_on_last_dim_FT2 = 1

burst_x_is_1 = 0

cte_55 = 0

cte_burst_without_tiling_TC2_for_x = 0

is_tc2_burst_witout_tiling_for_x = 0

cte_56 = 0

cte_57 = 0

cte_burst_without_tiling_TC4_for_x = 0

is_tc4_burst_witout_tiling_for_x = 0

cte_58 = 0

cte_59 = 0

cte_burst_without_tiling_TC6_for_x = 0

is_tc6_burst_witout_tiling_for_x = 0

burst_x_is_2 = 0

cte_60 = 0

cte_61 = 0

cte_62 = 0

cte_63 = 0

cte_64 = 0

burst_x_is_4 = 0

cte_65 = 0

cte_66 = 0

cte_67 = 0

cte_68 = 0

cte_69 = 0

burst_x_is_8 = 0

cte_70 = 0

cte_71 = 0

cte_72 = 0

cte_73 = 0

cte_74 = 0

burst_x_is_16 = 0

cte_75 = 0

cte_76 = 0

cte_77 = 0

cte_78 = 0

cte_79 = 0

u2_is_fully_transfered_on_last_dim_FT0 = 0

burst_u2_is_1 = 0

cte_80 = 0

cte_burst_without_tiling_TC0_for_u2 = 0

is_tc0_burst_witout_tiling_for_u2 = 0

burst_u2_is_2 = 0

cte_81 = 0

burst_u2_is_4 = 0

cte_82 = 0

burst_u2_is_8 = 0

cte_83 = 0

burst_u2_is_16 = 0

cte_84 = 0

footprint_tot_e1_FT0 = 0

burst_e1 = 0

footprint_tot_e2_FT0 = 0

burst_e2 = 0

footprint_tot_y_FT1 = 0

burst_y = 0

footprint_tot_z_FT1 = 0

burst_z = 0

footprint_tot_u1_FT0 = 0

burst_u1 = 0

footprint_tot_w_FT2 = 0

burst_w = 0

footprint_tot_A_FT0 = 0

burst_A = 0

footprint_tot_A_FT1 = 0

footprint_tot_A_FT2 = 0

footprint_tot_x_FT1 = 0

burst_x = 0

footprint_tot_x_FT2 = 0

footprint_tot_u2_FT0 = 0

burst_u2 = 0

Lat_comp_1_2 = 0

obj = 0

cte_tiling_0 = 0

cte_tiling_1 = 0

cte_tiling_2 = 0

cte_tiling_3 = 0

cte_tiling_4 = 0

cte_tiling_5 = 0

cte_tiling_6 = 0

cte_tiling_7 = 0

cte_tiling_8 = 0

buffer_size = 0

fifo_size = 0

_total_solve_time = 0.078079

